<?xml version="1.0" encoding="UTF-8"?>
<!-- Generated by org.testng.reporters.JUnitReportReporter -->
<testsuite skipped="0" hostname="DESKTOP-QVAAKC9" name="Login.LoginTests" tests="1" failures="0" timestamp="19 Apr 2020 15:13:19 GMT" time="26.122" errors="0">
  <testcase name="AmazonLogin" time="26.122" classname="Login.LoginTests"/>
</testsuite> <!-- Login.LoginTests -->
